{
  "stats": {
    "suites": 1,
    "tests": 1,
    "passes": 1,
    "pending": 0,
    "failures": 0,
    "start": "2022-07-06T21:50:43.539Z",
    "end": "2022-07-06T21:50:44.412Z",
    "duration": 873,
    "testsRegistered": 1,
    "passPercent": 100,
    "pendingPercent": 0,
    "other": 0,
    "hasOther": false,
    "skipped": 0,
    "hasSkipped": false
  },
  "results": [
    {
      "uuid": "4cfde537-b47f-48aa-b4f9-af795f434e6a",
      "title": "",
      "fullFile": "cypress/e2e/spec.cy.ts",
      "file": "cypress/e2e/spec.cy.ts",
      "beforeHooks": [],
      "afterHooks": [],
      "tests": [],
      "suites": [
        {
          "uuid": "637ffb4c-6e70-401d-ae78-5580fcf8ca9b",
          "title": "My First Test",
          "fullFile": "",
          "file": "",
          "beforeHooks": [],
          "afterHooks": [],
          "tests": [
            {
              "title": "Visits the initial project page",
              "fullTitle": "My First Test Visits the initial project page",
              "timedOut": null,
              "duration": 838,
              "state": "passed",
              "speed": "fast",
              "pass": true,
              "fail": false,
              "pending": false,
              "context": null,
              "code": "cy.visit('/');\ncy.contains('Welcome');\ncy.contains('sandbox app is running!');",
              "err": {},
              "uuid": "7fcdd857-cfeb-4861-9d72-1bc7764eff79",
              "parentUUID": "637ffb4c-6e70-401d-ae78-5580fcf8ca9b",
              "isHook": false,
              "skipped": false
            }
          ],
          "suites": [],
          "passes": [
            "7fcdd857-cfeb-4861-9d72-1bc7764eff79"
          ],
          "failures": [],
          "pending": [],
          "skipped": [],
          "duration": 838,
          "root": false,
          "rootEmpty": false,
          "_timeout": 2000
        }
      ],
      "passes": [],
      "failures": [],
      "pending": [],
      "skipped": [],
      "duration": 0,
      "root": true,
      "rootEmpty": true,
      "_timeout": 2000
    }
  ],
  "meta": {
    "mocha": {
      "version": "7.0.1"
    },
    "mochawesome": {
      "options": {
        "quiet": false,
        "reportFilename": "mochawesome",
        "saveHtml": false,
        "saveJson": true,
        "consoleReporter": "spec",
        "useInlineDiffs": false,
        "code": true
      },
      "version": "7.1.3"
    },
    "marge": {
      "options": {
        "reportDir": "results/mochawesome",
        "overwrite": false,
        "html": false,
        "json": true
      },
      "version": "6.2.0"
    }
  }
}